2012/05/10 01:32:08 [error] [exception.CDbException] could not find driver
2012/05/10 01:32:08 [error] [exception.CDbException] exception 'CDbException' with message 'CDbConnection failed to open the DB connection.' in /home/distortriver/data/www/cterror.ru/framework/db/CDbConnection.php:388
Stack trace:
#0 /home/distortriver/data/www/cterror.ru/framework/db/CDbConnection.php(331): CDbConnection->open()
#1 /home/distortriver/data/www/cterror.ru/framework/db/CDbConnection.php(309): CDbConnection->setActive(true)
#2 /home/distortriver/data/www/cterror.ru/framework/base/CModule.php(388): CDbConnection->init()
#3 /home/distortriver/data/www/cterror.ru/framework/base/CApplication.php(431): CModule->getComponent('db')
#4 /home/distortriver/data/www/cterror.ru/framework/db/ar/CActiveRecord.php(615): CApplication->getDb()
#5 /home/distortriver/data/www/cterror.ru/framework/db/ar/CActiveRecord.php(2263): CActiveRecord->getDbConnection()
#6 /home/distortriver/data/www/cterror.ru/framework/db/ar/CActiveRecord.php(379): CActiveRecordMetaData->__construct(Object(Post))
#7 /home/distortriver/data/www/cterror.ru/framework/web/CActiveDataProvider.php(75): CActiveRecord::model('Post')
#8 /home/distortriver/data/www/cterror.ru/demos/blog/protected/controllers/PostController.php(132): CActiveDataProvider->__construct('Post', Array)
#9 /home/distortriver/data/www/cterror.ru/framework/web/actions/CInlineAction.php(50): PostController->actionIndex()
#10 /home/distortriver/data/www/cterror.ru/framework/web/CController.php(309): CInlineAction->runWithParams(Array)
#11 /home/distortriver/data/www/cterror.ru/framework/web/filters/CFilterChain.php(134): CController->runAction(Object(CInlineAction))
#12 /home/distortriver/data/www/cterror.ru/framework/web/filters/CFilter.php(41): CFilterChain->run()
#13 /home/distortriver/data/www/cterror.ru/framework/web/CController.php(1146): CFilter->filter(Object(CFilterChain))
#14 /home/distortriver/data/www/cterror.ru/framework/web/filters/CInlineFilter.php(59): CController->filterAccessControl(Object(CFilterChain))
#15 /home/distortriver/data/www/cterror.ru/framework/web/filters/CFilterChain.php(131): CInlineFilter->filter(Object(CFilterChain))
#16 /home/distortriver/data/www/cterror.ru/framework/web/CController.php(292): CFilterChain->run()
#17 /home/distortriver/data/www/cterror.ru/framework/web/CController.php(266): CController->runActionWithFilters(Object(CInlineAction), Array)
#18 /home/distortriver/data/www/cterror.ru/framework/web/CWebApplication.php(276): CController->run('')
#19 /home/distortriver/data/www/cterror.ru/framework/web/CWebApplication.php(135): CWebApplication->runController('')
#20 /home/distortriver/data/www/cterror.ru/framework/base/CApplication.php(162): CWebApplication->processRequest()
#21 /home/distortriver/data/www/cterror.ru/demos/blog/index.php(11): CApplication->run()
#22 {main}
REQUEST_URI=/demos/blog/
---
2012/05/15 21:32:12 [error] [exception.CDbException] could not find driver
2012/05/15 21:32:12 [error] [exception.CDbException] exception 'CDbException' with message 'CDbConnection failed to open the DB connection.' in /home/distortriver/data/www/cterror.ru/framework/db/CDbConnection.php:388
Stack trace:
#0 /home/distortriver/data/www/cterror.ru/framework/db/CDbConnection.php(331): CDbConnection->open()
#1 /home/distortriver/data/www/cterror.ru/framework/db/CDbConnection.php(309): CDbConnection->setActive(true)
#2 /home/distortriver/data/www/cterror.ru/framework/base/CModule.php(388): CDbConnection->init()
#3 /home/distortriver/data/www/cterror.ru/framework/base/CApplication.php(431): CModule->getComponent('db')
#4 /home/distortriver/data/www/cterror.ru/framework/db/ar/CActiveRecord.php(615): CApplication->getDb()
#5 /home/distortriver/data/www/cterror.ru/framework/db/ar/CActiveRecord.php(2263): CActiveRecord->getDbConnection()
#6 /home/distortriver/data/www/cterror.ru/framework/db/ar/CActiveRecord.php(379): CActiveRecordMetaData->__construct(Object(Post))
#7 /home/distortriver/data/www/cterror.ru/framework/web/CActiveDataProvider.php(75): CActiveRecord::model('Post')
#8 /home/distortriver/data/www/cterror.ru/demos/blog/protected/controllers/PostController.php(132): CActiveDataProvider->__construct('Post', Array)
#9 /home/distortriver/data/www/cterror.ru/framework/web/actions/CInlineAction.php(50): PostController->actionIndex()
#10 /home/distortriver/data/www/cterror.ru/framework/web/CController.php(309): CInlineAction->runWithParams(Array)
#11 /home/distortriver/data/www/cterror.ru/framework/web/filters/CFilterChain.php(134): CController->runAction(Object(CInlineAction))
#12 /home/distortriver/data/www/cterror.ru/framework/web/filters/CFilter.php(41): CFilterChain->run()
#13 /home/distortriver/data/www/cterror.ru/framework/web/CController.php(1146): CFilter->filter(Object(CFilterChain))
#14 /home/distortriver/data/www/cterror.ru/framework/web/filters/CInlineFilter.php(59): CController->filterAccessControl(Object(CFilterChain))
#15 /home/distortriver/data/www/cterror.ru/framework/web/filters/CFilterChain.php(131): CInlineFilter->filter(Object(CFilterChain))
#16 /home/distortriver/data/www/cterror.ru/framework/web/CController.php(292): CFilterChain->run()
#17 /home/distortriver/data/www/cterror.ru/framework/web/CController.php(266): CController->runActionWithFilters(Object(CInlineAction), Array)
#18 /home/distortriver/data/www/cterror.ru/framework/web/CWebApplication.php(276): CController->run('')
#19 /home/distortriver/data/www/cterror.ru/framework/web/CWebApplication.php(135): CWebApplication->runController('')
#20 /home/distortriver/data/www/cterror.ru/framework/base/CApplication.php(162): CWebApplication->processRequest()
#21 /home/distortriver/data/www/cterror.ru/demos/blog/index.php(11): CApplication->run()
#22 {main}
REQUEST_URI=/demos/blog/
---
2012/05/16 01:27:00 [error] [exception.CDbException] could not find driver
2012/05/16 01:27:00 [error] [exception.CDbException] exception 'CDbException' with message 'CDbConnection failed to open the DB connection.' in /home/distortriver/data/www/cterror.ru/framework/db/CDbConnection.php:388
Stack trace:
#0 /home/distortriver/data/www/cterror.ru/framework/db/CDbConnection.php(331): CDbConnection->open()
#1 /home/distortriver/data/www/cterror.ru/framework/db/CDbConnection.php(309): CDbConnection->setActive(true)
#2 /home/distortriver/data/www/cterror.ru/framework/base/CModule.php(388): CDbConnection->init()
#3 /home/distortriver/data/www/cterror.ru/framework/base/CApplication.php(431): CModule->getComponent('db')
#4 /home/distortriver/data/www/cterror.ru/framework/db/ar/CActiveRecord.php(615): CApplication->getDb()
#5 /home/distortriver/data/www/cterror.ru/framework/db/ar/CActiveRecord.php(2263): CActiveRecord->getDbConnection()
#6 /home/distortriver/data/www/cterror.ru/framework/db/ar/CActiveRecord.php(379): CActiveRecordMetaData->__construct(Object(Post))
#7 /home/distortriver/data/www/cterror.ru/framework/web/CActiveDataProvider.php(75): CActiveRecord::model('Post')
#8 /home/distortriver/data/www/cterror.ru/demos/blog/protected/controllers/PostController.php(132): CActiveDataProvider->__construct('Post', Array)
#9 /home/distortriver/data/www/cterror.ru/framework/web/actions/CInlineAction.php(50): PostController->actionIndex()
#10 /home/distortriver/data/www/cterror.ru/framework/web/CController.php(309): CInlineAction->runWithParams(Array)
#11 /home/distortriver/data/www/cterror.ru/framework/web/filters/CFilterChain.php(134): CController->runAction(Object(CInlineAction))
#12 /home/distortriver/data/www/cterror.ru/framework/web/filters/CFilter.php(41): CFilterChain->run()
#13 /home/distortriver/data/www/cterror.ru/framework/web/CController.php(1146): CFilter->filter(Object(CFilterChain))
#14 /home/distortriver/data/www/cterror.ru/framework/web/filters/CInlineFilter.php(59): CController->filterAccessControl(Object(CFilterChain))
#15 /home/distortriver/data/www/cterror.ru/framework/web/filters/CFilterChain.php(131): CInlineFilter->filter(Object(CFilterChain))
#16 /home/distortriver/data/www/cterror.ru/framework/web/CController.php(292): CFilterChain->run()
#17 /home/distortriver/data/www/cterror.ru/framework/web/CController.php(266): CController->runActionWithFilters(Object(CInlineAction), Array)
#18 /home/distortriver/data/www/cterror.ru/framework/web/CWebApplication.php(276): CController->run('')
#19 /home/distortriver/data/www/cterror.ru/framework/web/CWebApplication.php(135): CWebApplication->runController('')
#20 /home/distortriver/data/www/cterror.ru/framework/base/CApplication.php(162): CWebApplication->processRequest()
#21 /home/distortriver/data/www/cterror.ru/demos/blog/index.php(11): CApplication->run()
#22 {main}
REQUEST_URI=/demos/blog/
---
